[  0%] Built target pulp-native-components
[  0%] Built target pulp-bundled-fonts
[  0%] Built target everest
[  0%] Built target p256m
[  0%] Built target SheenBidi
[  2%] Built target SDL_uclibc
[  5%] Built target hwy
[  7%] Built target yogacore
[ 15%] Built target mbedcrypto
[ 17%] Built target pulp-platform
[ 20%] Built target yaml-cpp
[ 23%] Built target mbedx509
[ 23%] Built target mbedtls
[ 33%] Built target Catch2
[ 38%] Built target pulp-runtime
[ 38%] Built target Catch2WithMain
[ 58%] Built target SDL3-static
[ 61%] Built target pulp-midi
[ 61%] Built target pulp-events
[ 61%] Built target pulp-graph
[ 61%] Built target pulp-state
[ 64%] Built target pulp-canvas
[ 64%] Built target pulp-render
[ 69%] Built target pulp-audio
[ 71%] Built target pulp-inspect
[ 74%] Built target pulp-host
[ 74%] Built target pulp-view
[ 79%] Built target pulp-view-script
[ 94%] Built target pulp-view-core
[ 97%] Built target pulp-format
[100%] Built target pulp-test-signal-graph-executor-parity
[  0%] Built target everest
[  0%] Built target pulp-bundled-fonts
[  0%] Built target SheenBidi
[  0%] Built target pulp-native-components
[  0%] Built target p256m
[  2%] Built target hwy
[  5%] Built target SDL_uclibc
[  7%] Built target yogacore
[ 10%] Built target pulp-platform
[ 18%] Built target mbedcrypto
[ 21%] Built target yaml-cpp
[ 23%] Built target mbedx509
[ 23%] Built target mbedtls
[ 34%] Built target Catch2
[ 39%] Built target pulp-runtime
[ 39%] Built target Catch2WithMain
[ 60%] Built target SDL3-static
[ 60%] Built target pulp-events
[ 63%] Built target pulp-midi
[ 63%] Built target pulp-graph
[ 63%] Built target pulp-state
[ 65%] Built target pulp-canvas
[ 65%] Built target pulp-render
[ 71%] Built target pulp-audio
[ 73%] Built target pulp-inspect
[ 76%] Built target pulp-host
[ 76%] Built target pulp-view
[ 81%] Built target pulp-view-script
[ 97%] Built target pulp-view-core
[100%] Built target pulp-format
[100%] Building CXX object test/CMakeFiles/pulp-test-graph-serializer.dir/test_graph_serializer.cpp.o
[100%] Linking CXX executable pulp-test-graph-serializer
ld: warning: ignoring duplicate libraries: '../core/format/libpulp-format.a', '../core/host/libpulp-host.a', '../core/view/libpulp-view-core.a', '../core/view/libpulp-view-script.a', '../core/view/libpulp-view.a', '../inspect/libpulp-inspect.a'
[100%] Built target pulp-test-graph-serializer
[  0%] Built target everest
[  0%] Built target pulp-bundled-fonts
[  0%] Built target SheenBidi
[  0%] Built target p256m
[  0%] Built target pulp-native-components
[  5%] Built target SDL_uclibc
[  5%] Built target hwy
[  7%] Built target yogacore
[ 10%] Built target pulp-platform
[ 18%] Built target mbedcrypto
[ 21%] Built target yaml-cpp
[ 23%] Built target mbedx509
[ 23%] Built target mbedtls
[ 34%] Built target Catch2
[ 39%] Built target pulp-runtime
[ 60%] Built target SDL3-static
[ 60%] Built target Catch2WithMain
[ 63%] Built target pulp-midi
[ 63%] Built target pulp-events
[ 63%] Built target pulp-graph
[ 63%] Built target pulp-state
[ 65%] Built target pulp-canvas
[ 65%] Built target pulp-render
[ 71%] Built target pulp-audio
[ 73%] Built target pulp-inspect
[ 76%] Built target pulp-host
[ 76%] Built target pulp-view
[ 81%] Built target pulp-view-script
[ 97%] Built target pulp-view-core
[100%] Built target pulp-format
[100%] Building CXX object test/CMakeFiles/pulp-test-host-signal-graph.dir/native_components/rt_intercept_test_support.cpp.o
[100%] Building CXX object test/CMakeFiles/pulp-test-host-signal-graph.dir/test_host_signal_graph.cpp.o
[100%] Linking CXX executable pulp-test-host-signal-graph
ld: warning: ignoring duplicate libraries: '../core/format/libpulp-format.a', '../core/host/libpulp-host.a', '../core/view/libpulp-view-core.a', '../core/view/libpulp-view-script.a', '../core/view/libpulp-view.a', '../inspect/libpulp-inspect.a'
[100%] Built target pulp-test-host-signal-graph
[  0%] Built target pulp-bundled-fonts
[  0%] Built target pulp-native-components
[  0%] Built target p256m
[  0%] Built target everest
[  0%] Built target SheenBidi
[  2%] Built target SDL_uclibc
[  5%] Built target hwy
[  7%] Built target yogacore
[ 15%] Built target mbedcrypto
[ 18%] Built target pulp-platform
[ 21%] Built target yaml-cpp
[ 23%] Built target mbedx509
[ 23%] Built target mbedtls
[ 34%] Built target Catch2
[ 39%] Built target pulp-runtime
[ 60%] Built target SDL3-static
[ 60%] Built target Catch2WithMain
[ 63%] Built target pulp-midi
[ 63%] Built target pulp-events
[ 63%] Built target pulp-graph
[ 63%] Built target pulp-state
[ 65%] Built target pulp-canvas
[ 65%] Built target pulp-render
[ 71%] Built target pulp-audio
[ 73%] Built target pulp-inspect
[ 76%] Built target pulp-host
[ 76%] Built target pulp-view
[ 81%] Built target pulp-view-script
[ 97%] Built target pulp-view-core
[100%] Built target pulp-format
[100%] Building CXX object test/CMakeFiles/pulp-test-graph-routing-differential-parity.dir/test_graph_routing_differential_parity.cpp.o
/tmp/pulp-4895/test/test_graph_routing_differential_parity.cpp:209:73: warning: missing field 'automation' initializer [-Wmissing-field-initializers]
  209 |     for (const auto& e : rg.edges) s.conns.push_back({e.src, 0, e.dst, 0});
      |                                                                         ^
/tmp/pulp-4895/test/test_graph_routing_differential_parity.cpp:212:76: warning: missing field 'automation' initializer [-Wmissing-field-initializers]
  212 |         s.conns.push_back({id, 0, id, 0, /*feedback=*/true, /*event=*/false});
      |                                                                            ^
2 warnings generated.
[100%] Linking CXX executable pulp-test-graph-routing-differential-parity
ld: warning: ignoring duplicate libraries: '../core/format/libpulp-format.a', '../core/graph/libpulp-graph.a', '../core/host/libpulp-host.a', '../core/view/libpulp-view-core.a', '../core/view/libpulp-view-script.a', '../core/view/libpulp-view.a', '../inspect/libpulp-inspect.a'
[100%] Built target pulp-test-graph-routing-differential-parity
